Voxel Fishing/Library/Bee/Android/Prj/Mono2x/Gradle/launcher/build/intermediates/manifest_merge_blame_file/release/manifest-merger-blame-release-report.txt
1<?xml version="1.0" encoding="utf-8"?>
2<manifest xmlns:android="http://schemas.android.com/apk/res/android"
3    package="com.DefaultCompany.VoxelFishing"
4    android:installLocation="preferExternal"
5    android:versionCode="1"
6    android:versionName="0.1" >
7
8    <uses-sdk
9        android:minSdkVersion="22"
9-->src/main/AndroidManifest.xml
10        android:targetSdkVersion="30" />
10-->src/main/AndroidManifest.xml
11
12    <supports-screens
12-->src/main/AndroidManifest.xml:3:3-163
13        android:anyDensity="true"
13-->src/main/AndroidManifest.xml:3:135-160
14        android:largeScreens="true"
14-->src/main/AndroidManifest.xml:3:78-105
15        android:normalScreens="true"
15-->src/main/AndroidManifest.xml:3:49-77
16        android:smallScreens="true"
16-->src/main/AndroidManifest.xml:3:21-48
17        android:xlargeScreens="true" />
17-->src/main/AndroidManifest.xml:3:106-134
18
19    <uses-permission android:name="android.permission.VIBRATE" />
19-->[:unityLibrary] AndroidManifest.xml:20:5-66
19-->[:unityLibrary] AndroidManifest.xml:20:22-63
20
21    <uses-feature android:glEsVersion="0x00030000" />
21-->[:unityLibrary] AndroidManifest.xml:22:5-54
21-->[:unityLibrary] AndroidManifest.xml:22:19-51
22    <uses-feature
22-->[:unityLibrary] AndroidManifest.xml:23:5-25:36
23        android:name="android.hardware.vulkan.version"
23-->[:unityLibrary] AndroidManifest.xml:24:9-55
24        android:required="false" />
24-->[:unityLibrary] AndroidManifest.xml:25:9-33
25
26    <uses-permission android:name="android.permission.INTERNET" />
26-->[:unityLibrary] AndroidManifest.xml:27:5-67
26-->[:unityLibrary] AndroidManifest.xml:27:22-64
27    <uses-permission android:name="android.permission.ACCESS_NETWORK_STATE" />
27-->[:unityLibrary] AndroidManifest.xml:28:5-79
27-->[:unityLibrary] AndroidManifest.xml:28:22-76
28
29    <uses-feature
29-->[:unityLibrary] AndroidManifest.xml:30:5-32:36
30        android:name="android.hardware.touchscreen"
30-->[:unityLibrary] AndroidManifest.xml:31:9-52
31        android:required="false" />
31-->[:unityLibrary] AndroidManifest.xml:32:9-33
32    <uses-feature
32-->[:unityLibrary] AndroidManifest.xml:33:5-35:36
33        android:name="android.hardware.touchscreen.multitouch"
33-->[:unityLibrary] AndroidManifest.xml:34:9-63
34        android:required="false" />
34-->[:unityLibrary] AndroidManifest.xml:35:9-33
35    <uses-feature
35-->[:unityLibrary] AndroidManifest.xml:36:5-38:36
36        android:name="android.hardware.touchscreen.multitouch.distinct"
36-->[:unityLibrary] AndroidManifest.xml:37:9-72
37        android:required="false" />
37-->[:unityLibrary] AndroidManifest.xml:38:9-33
38
39    <application
39-->src/main/AndroidManifest.xml:4:3-83
40        android:extractNativeLibs="true"
40-->[:unityLibrary] AndroidManifest.xml:41:9-41
41        android:icon="@mipmap/app_icon"
41-->src/main/AndroidManifest.xml:4:49-80
42        android:label="@string/app_name"
42-->src/main/AndroidManifest.xml:4:16-48
43        android:theme="@style/UnityThemeSelector" >
43-->[:unityLibrary] AndroidManifest.xml:44:9-50
44        <activity
44-->[:unityLibrary] AndroidManifest.xml:45:9-65:20
45            android:name="com.unity3d.player.UnityPlayerActivity"
45-->[:unityLibrary] AndroidManifest.xml:46:13-66
46            android:configChanges="mcc|mnc|locale|touchscreen|keyboard|keyboardHidden|navigation|orientation|screenLayout|uiMode|screenSize|smallestScreenSize|fontScale|layoutDirection|density"
46-->[:unityLibrary] AndroidManifest.xml:47:13-194
47            android:hardwareAccelerated="false"
47-->[:unityLibrary] AndroidManifest.xml:48:13-48
48            android:label="@string/app_name"
48-->[:unityLibrary] AndroidManifest.xml:49:13-45
49            android:launchMode="singleTask"
49-->[:unityLibrary] AndroidManifest.xml:50:13-44
50            android:resizeableActivity="false"
50-->[:unityLibrary] AndroidManifest.xml:51:13-47
51            android:screenOrientation="fullUser" >
51-->[:unityLibrary] AndroidManifest.xml:52:13-49
52            <intent-filter>
52-->[:unityLibrary] AndroidManifest.xml:53:13-57:29
53                <action android:name="android.intent.action.MAIN" />
53-->[:unityLibrary] AndroidManifest.xml:54:17-69
53-->[:unityLibrary] AndroidManifest.xml:54:25-66
54
55                <category android:name="android.intent.category.LAUNCHER" />
55-->[:unityLibrary] AndroidManifest.xml:56:17-77
55-->[:unityLibrary] AndroidManifest.xml:56:27-74
56            </intent-filter>
57
58            <meta-data
58-->[:unityLibrary] AndroidManifest.xml:59:13-61:40
59                android:name="unityplayer.UnityActivity"
59-->[:unityLibrary] AndroidManifest.xml:60:17-57
60                android:value="true" />
60-->[:unityLibrary] AndroidManifest.xml:61:17-37
61            <meta-data
61-->[:unityLibrary] AndroidManifest.xml:62:13-64:40
62                android:name="android.notch_support"
62-->[:unityLibrary] AndroidManifest.xml:63:17-53
63                android:value="true" />
63-->[:unityLibrary] AndroidManifest.xml:64:17-37
64        </activity>
65
66        <meta-data
66-->[:unityLibrary] AndroidManifest.xml:67:9-69:33
67            android:name="unity.splash-mode"
67-->[:unityLibrary] AndroidManifest.xml:68:13-45
68            android:value="0" />
68-->[:unityLibrary] AndroidManifest.xml:69:13-30
69        <meta-data
69-->[:unityLibrary] AndroidManifest.xml:70:9-72:36
70            android:name="unity.splash-enable"
70-->[:unityLibrary] AndroidManifest.xml:71:13-47
71            android:value="True" />
71-->[:unityLibrary] AndroidManifest.xml:72:13-33
72        <meta-data
72-->[:unityLibrary] AndroidManifest.xml:73:9-75:36
73            android:name="unity.launch-fullscreen"
73-->[:unityLibrary] AndroidManifest.xml:74:13-51
74            android:value="True" />
74-->[:unityLibrary] AndroidManifest.xml:75:13-33
75        <meta-data
75-->[:unityLibrary] AndroidManifest.xml:76:9-78:37
76            android:name="unity.allow-resizable-window"
76-->[:unityLibrary] AndroidManifest.xml:77:13-56
77            android:value="False" />
77-->[:unityLibrary] AndroidManifest.xml:78:13-34
78        <meta-data
78-->[:unityLibrary] AndroidManifest.xml:79:9-81:50
79            android:name="notch.config"
79-->[:unityLibrary] AndroidManifest.xml:80:13-40
80            android:value="portrait|landscape" />
80-->[:unityLibrary] AndroidManifest.xml:81:13-47
81    </application>
82
83</manifest>